-------------------------------------------------------------------------------
Test set: za.ac.nwu.ac.repo.persistence.AccountTypeRepositoryTest
-------------------------------------------------------------------------------
Tests run: 8, Failures: 0, Errors: 8, Skipped: 0, Time elapsed: 41.098 s <<< FAILURE! - in za.ac.nwu.ac.repo.persistence.AccountTypeRepositoryTest
getAccountTypeDtoByMnemonicPlay(za.ac.nwu.ac.repo.persistence.AccountTypeRepositoryTest)  Time elapsed: 0 s  <<< ERROR!
org.springframework.beans.factory.UnsatisfiedDependencyException: Error creating bean with name 'za.ac.nwu.ac.repo.persistence.AccountTypeRepositoryTest': Unsatisfied dependency expressed through field 'accountTypeRepository'; nested exception is org.springframework.beans.factory.NoSuchBeanDefinitionException: No qualifying bean of type 'za.ac.nwu.za.repo.persistence.AccountTypeRepository' available: expected at least 1 bean which qualifies as autowire candidate. Dependency annotations: {@org.springframework.beans.factory.annotation.Autowired(required=true)}
Caused by: org.springframework.beans.factory.NoSuchBeanDefinitionException: No qualifying bean of type 'za.ac.nwu.za.repo.persistence.AccountTypeRepository' available: expected at least 1 bean which qualifies as autowire candidate. Dependency annotations: {@org.springframework.beans.factory.annotation.Autowired(required=true)}

getAccountTypeDtoByMnemonic(za.ac.nwu.ac.repo.persistence.AccountTypeRepositoryTest)  Time elapsed: 0 s  <<< ERROR!
org.springframework.beans.factory.UnsatisfiedDependencyException: Error creating bean with name 'za.ac.nwu.ac.repo.persistence.AccountTypeRepositoryTest': Unsatisfied dependency expressed through field 'accountTypeRepository'; nested exception is org.springframework.beans.factory.NoSuchBeanDefinitionException: No qualifying bean of type 'za.ac.nwu.za.repo.persistence.AccountTypeRepository' available: expected at least 1 bean which qualifies as autowire candidate. Dependency annotations: {@org.springframework.beans.factory.annotation.Autowired(required=true)}
Caused by: org.springframework.beans.factory.NoSuchBeanDefinitionException: No qualifying bean of type 'za.ac.nwu.za.repo.persistence.AccountTypeRepository' available: expected at least 1 bean which qualifies as autowire candidate. Dependency annotations: {@org.springframework.beans.factory.annotation.Autowired(required=true)}

getAccountTypeByMnemonicPlay(za.ac.nwu.ac.repo.persistence.AccountTypeRepositoryTest)  Time elapsed: 0 s  <<< ERROR!
org.springframework.beans.factory.UnsatisfiedDependencyException: Error creating bean with name 'za.ac.nwu.ac.repo.persistence.AccountTypeRepositoryTest': Unsatisfied dependency expressed through field 'accountTypeRepository'; nested exception is org.springframework.beans.factory.NoSuchBeanDefinitionException: No qualifying bean of type 'za.ac.nwu.za.repo.persistence.AccountTypeRepository' available: expected at least 1 bean which qualifies as autowire candidate. Dependency annotations: {@org.springframework.beans.factory.annotation.Autowired(required=true)}
Caused by: org.springframework.beans.factory.NoSuchBeanDefinitionException: No qualifying bean of type 'za.ac.nwu.za.repo.persistence.AccountTypeRepository' available: expected at least 1 bean which qualifies as autowire candidate. Dependency annotations: {@org.springframework.beans.factory.annotation.Autowired(required=true)}

getAccountTYpeByMnemonicNativeQueryMiles(za.ac.nwu.ac.repo.persistence.AccountTypeRepositoryTest)  Time elapsed: 0 s  <<< ERROR!
org.springframework.beans.factory.UnsatisfiedDependencyException: Error creating bean with name 'za.ac.nwu.ac.repo.persistence.AccountTypeRepositoryTest': Unsatisfied dependency expressed through field 'accountTypeRepository'; nested exception is org.springframework.beans.factory.NoSuchBeanDefinitionException: No qualifying bean of type 'za.ac.nwu.za.repo.persistence.AccountTypeRepository' available: expected at least 1 bean which qualifies as autowire candidate. Dependency annotations: {@org.springframework.beans.factory.annotation.Autowired(required=true)}
Caused by: org.springframework.beans.factory.NoSuchBeanDefinitionException: No qualifying bean of type 'za.ac.nwu.za.repo.persistence.AccountTypeRepository' available: expected at least 1 bean which qualifies as autowire candidate. Dependency annotations: {@org.springframework.beans.factory.annotation.Autowired(required=true)}

getAccountTypeByMnemonic(za.ac.nwu.ac.repo.persistence.AccountTypeRepositoryTest)  Time elapsed: 0 s  <<< ERROR!
org.springframework.beans.factory.UnsatisfiedDependencyException: Error creating bean with name 'za.ac.nwu.ac.repo.persistence.AccountTypeRepositoryTest': Unsatisfied dependency expressed through field 'accountTypeRepository'; nested exception is org.springframework.beans.factory.NoSuchBeanDefinitionException: No qualifying bean of type 'za.ac.nwu.za.repo.persistence.AccountTypeRepository' available: expected at least 1 bean which qualifies as autowire candidate. Dependency annotations: {@org.springframework.beans.factory.annotation.Autowired(required=true)}
Caused by: org.springframework.beans.factory.NoSuchBeanDefinitionException: No qualifying bean of type 'za.ac.nwu.za.repo.persistence.AccountTypeRepository' available: expected at least 1 bean which qualifies as autowire candidate. Dependency annotations: {@org.springframework.beans.factory.annotation.Autowired(required=true)}

getAccountTypeByMnemonicMiles(za.ac.nwu.ac.repo.persistence.AccountTypeRepositoryTest)  Time elapsed: 0 s  <<< ERROR!
org.springframework.beans.factory.UnsatisfiedDependencyException: Error creating bean with name 'za.ac.nwu.ac.repo.persistence.AccountTypeRepositoryTest': Unsatisfied dependency expressed through field 'accountTypeRepository'; nested exception is org.springframework.beans.factory.NoSuchBeanDefinitionException: No qualifying bean of type 'za.ac.nwu.za.repo.persistence.AccountTypeRepository' available: expected at least 1 bean which qualifies as autowire candidate. Dependency annotations: {@org.springframework.beans.factory.annotation.Autowired(required=true)}
Caused by: org.springframework.beans.factory.NoSuchBeanDefinitionException: No qualifying bean of type 'za.ac.nwu.za.repo.persistence.AccountTypeRepository' available: expected at least 1 bean which qualifies as autowire candidate. Dependency annotations: {@org.springframework.beans.factory.annotation.Autowired(required=true)}

getAccountTypeDtoByMnemonicMiles(za.ac.nwu.ac.repo.persistence.AccountTypeRepositoryTest)  Time elapsed: 0 s  <<< ERROR!
org.springframework.beans.factory.UnsatisfiedDependencyException: Error creating bean with name 'za.ac.nwu.ac.repo.persistence.AccountTypeRepositoryTest': Unsatisfied dependency expressed through field 'accountTypeRepository'; nested exception is org.springframework.beans.factory.NoSuchBeanDefinitionException: No qualifying bean of type 'za.ac.nwu.za.repo.persistence.AccountTypeRepository' available: expected at least 1 bean which qualifies as autowire candidate. Dependency annotations: {@org.springframework.beans.factory.annotation.Autowired(required=true)}
Caused by: org.springframework.beans.factory.NoSuchBeanDefinitionException: No qualifying bean of type 'za.ac.nwu.za.repo.persistence.AccountTypeRepository' available: expected at least 1 bean which qualifies as autowire candidate. Dependency annotations: {@org.springframework.beans.factory.annotation.Autowired(required=true)}

getAccountTypeByMnemonicNativeQuery(za.ac.nwu.ac.repo.persistence.AccountTypeRepositoryTest)  Time elapsed: 0 s  <<< ERROR!
org.springframework.beans.factory.UnsatisfiedDependencyException: Error creating bean with name 'za.ac.nwu.ac.repo.persistence.AccountTypeRepositoryTest': Unsatisfied dependency expressed through field 'accountTypeRepository'; nested exception is org.springframework.beans.factory.NoSuchBeanDefinitionException: No qualifying bean of type 'za.ac.nwu.za.repo.persistence.AccountTypeRepository' available: expected at least 1 bean which qualifies as autowire candidate. Dependency annotations: {@org.springframework.beans.factory.annotation.Autowired(required=true)}
Caused by: org.springframework.beans.factory.NoSuchBeanDefinitionException: No qualifying bean of type 'za.ac.nwu.za.repo.persistence.AccountTypeRepository' available: expected at least 1 bean which qualifies as autowire candidate. Dependency annotations: {@org.springframework.beans.factory.annotation.Autowired(required=true)}

