-------------------------------------------------------------------------------
Test set: za.ac.nwu.ac.translator.logic.flow.ac.nwu.ac.logic.flow.Impl.FetchMemberMilesByIdImplTest
-------------------------------------------------------------------------------
Tests run: 1, Failures: 0, Errors: 1, Skipped: 0, Time elapsed: 0.5 s <<< FAILURE! - in za.ac.nwu.ac.translator.logic.flow.ac.nwu.ac.logic.flow.Impl.FetchMemberMilesByIdImplTest
za.ac.nwu.ac.translator.logic.flow.ac.nwu.ac.logic.flow.Impl.FetchMemberMilesByIdImplTest  Time elapsed: 0.499 s  <<< ERROR!
java.lang.IllegalStateException: Unable to find a @SpringBootConfiguration, you need to use @ContextConfiguration or @SpringBootTest(classes=...) with your test

